#
# There is insufficient memory for the Java Runtime Environment to continue.
# Native memory allocation (mmap) failed to map 264241152 bytes for Failed to commit area from 0x0000000705000000 to 0x0000000714c00000 of length 264241152.
# Possible reasons:
#   The system is out of physical RAM or swap space
#   The process is running with CompressedOops enabled, and the Java Heap may be blocking the growth of the native heap
# Possible solutions:
#   Reduce memory load on the system
#   Increase physical memory or swap space
#   Check if swap backing store is full
#   Decrease Java heap size (-Xmx/-Xms)
#   Decrease number of Java threads
#   Decrease Java thread stack sizes (-Xss)
#   Set larger code cache with -XX:ReservedCodeCacheSize=
# This output file may be truncated or incomplete.
#
#  Out of Memory Error (./src/hotspot/os/windows/os_windows.cpp:3387), pid=23780, tid=14704
#
# JRE version:  (11.0.14.1+1) (build )
# Java VM: OpenJDK 64-Bit Server VM (11.0.14.1+1, mixed mode, sharing, tiered, compressed oops, g1 gc, windows-amd64)
# No core dump will be written. Minidumps are not enabled by default on client versions of Windows
#

---------------  S U M M A R Y ------------

Command Line: -Dfile.encoding=UTF-8 

Host: 13th Gen Intel(R) Core(TM) i5-13400, 16 cores, 15G,  Windows 11 , 64 bit Build 22621 (10.0.22621.3085)
Time: Tue Feb 27 11:02:57 2024 대한민국 표준시 elapsed time: 0.009982 seconds (0d 0h 0m 0s)

---------------  T H R E A D  ---------------

Current thread (0x000001eb40e7d000):  JavaThread "Unknown thread" [_thread_in_vm, id=14704, stack(0x0000002b55a00000,0x0000002b55b00000)]

Stack: [0x0000002b55a00000,0x0000002b55b00000]
Native frames: (J=compiled Java code, j=interpreted, Vv=VM code, C=native code)
V  [jvm.dll+0x61e59a]
V  [jvm.dll+0x7aaca9]
V  [jvm.dll+0x7ac398]
V  [jvm.dll+0x7aca73]
V  [jvm.dll+0x24f9b8]
V  [jvm.dll+0x61b83a]
V  [jvm.dll+0x6100c5]
V  [jvm.dll+0x30772c]
V  [jvm.dll+0x3075b2]
V  [jvm.dll+0x30c2d6]
V  [jvm.dll+0x35272f]
V  [jvm.dll+0x352160]
V  [jvm.dll+0x2e4728]
V  [jvm.dll+0x2e5886]
V  [jvm.dll+0x784b07]
V  [jvm.dll+0x78628f]
V  [jvm.dll+0x35f479]
V  [jvm.dll+0x767aa0]
V  [jvm.dll+0x3ccf1f]
V  [jvm.dll+0x3cf2b1]
C  [jli.dll+0x5207]
C  [ucrtbase.dll+0x29363]
C  [KERNEL32.DLL+0x1257d]
C  [ntdll.dll+0x5aa58]


---------------  P R O C E S S  ---------------

Threads class SMR info:
_java_thread_list=0x000001eb3ece4690, length=0, elements={
}

Java Threads: ( => current thread )

Other Threads:
  0x000001eb40e97800 GCTaskThread "GC Thread#0" [stack: 0x0000002b55b00000,0x0000002b55c00000] [id=28188]
  0x000001eb40ef3800 ConcurrentGCThread "G1 Main Marker" [stack: 0x0000002b55c00000,0x0000002b55d00000] [id=7324]
  0x000001eb40ef4800 ConcurrentGCThread "G1 Conc#0" [stack: 0x0000002b55d00000,0x0000002b55e00000] [id=20440]

[error occurred during error reporting (printing all threads), id 0xc0000005, EXCEPTION_ACCESS_VIOLATION (0xc0000005) at pc=0x00007ff85cb93ef7]

VM state:not at safepoint (not fully initialized)

VM Mutex/Monitor currently owned by a thread:  ([mutex/lock_event])
[0x000001eb40e78fa0] Heap_lock - owner thread: 0x000001eb40e7d000

Heap address: 0x0000000705000000, size: 4016 MB, Compressed Oops mode: Non-zero based: 0x0000000705000000
Narrow klass base: 0x0000000000000000, Narrow klass shift: 0

GC Heap History (0 events):
No events

Deoptimization events (0 events):
No events

Classes redefined (0 events):
No events

Internal exceptions (0 events):
No events

Events (1 events):
Event: 0.007 Loaded shared library C:\Program Files\Unity\Hub\Editor\2022.3.2f1\Editor\Data\PlaybackEngines\AndroidPlayer\OpenJDK\bin\zip.dll


Dynamic libraries:
0x00007ff6be1e0000 - 0x00007ff6be1ed000 	C:\Program Files\Unity\Hub\Editor\2022.3.2f1\Editor\Data\PlaybackEngines\AndroidPlayer\OpenJDK\bin\java.exe
0x00007ff8ea970000 - 0x00007ff8eab87000 	C:\Windows\SYSTEM32\ntdll.dll
0x00007ff8e9cf0000 - 0x00007ff8e9db4000 	C:\Windows\System32\KERNEL32.DLL
0x00007ff8e7cb0000 - 0x00007ff8e8056000 	C:\Windows\System32\KERNELBASE.dll
0x00007ff8e8470000 - 0x00007ff8e8581000 	C:\Windows\System32\ucrtbase.dll
0x00007ff8952d0000 - 0x00007ff8952e5000 	C:\Program Files\Unity\Hub\Editor\2022.3.2f1\Editor\Data\PlaybackEngines\AndroidPlayer\OpenJDK\bin\VCRUNTIME140.dll
0x00007ff8e26b0000 - 0x00007ff8e26c7000 	C:\Program Files\Unity\Hub\Editor\2022.3.2f1\Editor\Data\PlaybackEngines\AndroidPlayer\OpenJDK\bin\jli.dll
0x00007ff8e9f30000 - 0x00007ff8ea0de000 	C:\Windows\System32\USER32.dll
0x00007ff8e8060000 - 0x00007ff8e8086000 	C:\Windows\System32\win32u.dll
0x00007ff8e9540000 - 0x00007ff8e9569000 	C:\Windows\System32\GDI32.dll
0x00007ff8e8350000 - 0x00007ff8e8468000 	C:\Windows\System32\gdi32full.dll
0x00007ff8e80c0000 - 0x00007ff8e815a000 	C:\Windows\System32\msvcp_win.dll
0x00007ff8d5410000 - 0x00007ff8d56a3000 	C:\Windows\WinSxS\amd64_microsoft.windows.common-controls_6595b64144ccf1df_6.0.22621.2506_none_270c5ae97388e100\COMCTL32.dll
0x00007ff8e97d0000 - 0x00007ff8e9877000 	C:\Windows\System32\msvcrt.dll
0x00007ff8e9de0000 - 0x00007ff8e9e11000 	C:\Windows\System32\IMM32.DLL
0x00007ff8846d0000 - 0x00007ff88476b000 	C:\Program Files\Unity\Hub\Editor\2022.3.2f1\Editor\Data\PlaybackEngines\AndroidPlayer\OpenJDK\bin\msvcp140.dll
0x00007ff85c8a0000 - 0x00007ff85d421000 	C:\Program Files\Unity\Hub\Editor\2022.3.2f1\Editor\Data\PlaybackEngines\AndroidPlayer\OpenJDK\bin\server\jvm.dll
0x00007ff8ea770000 - 0x00007ff8ea823000 	C:\Windows\System32\ADVAPI32.dll
0x00007ff8e9570000 - 0x00007ff8e9618000 	C:\Windows\System32\sechost.dll
0x00007ff8e8090000 - 0x00007ff8e80b8000 	C:\Windows\System32\bcrypt.dll
0x00007ff8ea400000 - 0x00007ff8ea517000 	C:\Windows\System32\RPCRT4.dll
0x00007ff8e8b40000 - 0x00007ff8e8b48000 	C:\Windows\System32\PSAPI.DLL
0x00007ff8cff00000 - 0x00007ff8cff09000 	C:\Windows\SYSTEM32\WSOCK32.dll
0x00007ff8e14f0000 - 0x00007ff8e14fa000 	C:\Windows\SYSTEM32\VERSION.dll
0x00007ff8dfb50000 - 0x00007ff8dfb84000 	C:\Windows\SYSTEM32\WINMM.dll
0x00007ff8ea520000 - 0x00007ff8ea591000 	C:\Windows\System32\WS2_32.dll
0x00007ff8e6de0000 - 0x00007ff8e6df8000 	C:\Windows\SYSTEM32\kernel.appcore.dll
0x00007ff8e26a0000 - 0x00007ff8e26b0000 	C:\Program Files\Unity\Hub\Editor\2022.3.2f1\Editor\Data\PlaybackEngines\AndroidPlayer\OpenJDK\bin\verify.dll
0x00007ff8cca70000 - 0x00007ff8ccca3000 	C:\Windows\SYSTEM32\DBGHELP.DLL
0x00007ff8e9960000 - 0x00007ff8e9ce9000 	C:\Windows\System32\combase.dll
0x00007ff8e9880000 - 0x00007ff8e9957000 	C:\Windows\System32\OLEAUT32.dll
0x00007ff8cd070000 - 0x00007ff8cd0a2000 	C:\Windows\SYSTEM32\dbgcore.DLL
0x00007ff8e8160000 - 0x00007ff8e81da000 	C:\Windows\System32\bcryptPrimitives.dll
0x00007ff8846a0000 - 0x00007ff8846c8000 	C:\Program Files\Unity\Hub\Editor\2022.3.2f1\Editor\Data\PlaybackEngines\AndroidPlayer\OpenJDK\bin\java.dll
0x00007ff8de150000 - 0x00007ff8de15a000 	C:\Program Files\Unity\Hub\Editor\2022.3.2f1\Editor\Data\PlaybackEngines\AndroidPlayer\OpenJDK\bin\jimage.dll
0x00007ff887350000 - 0x00007ff887368000 	C:\Program Files\Unity\Hub\Editor\2022.3.2f1\Editor\Data\PlaybackEngines\AndroidPlayer\OpenJDK\bin\zip.dll

dbghelp: loaded successfully - version: 4.0.5 - missing functions: none
symbol engine: initialized successfully - sym options: 0x614 - pdb path: .;C:\Program Files\Unity\Hub\Editor\2022.3.2f1\Editor\Data\PlaybackEngines\AndroidPlayer\OpenJDK\bin;C:\Windows\SYSTEM32;C:\Windows\WinSxS\amd64_microsoft.windows.common-controls_6595b64144ccf1df_6.0.22621.2506_none_270c5ae97388e100;C:\Program Files\Unity\Hub\Editor\2022.3.2f1\Editor\Data\PlaybackEngines\AndroidPlayer\OpenJDK\bin\server

VM Arguments:
jvm_args: -Dfile.encoding=UTF-8 
java_command: <unknown>
java_class_path (initial): <not set>
Launcher Type: SUN_STANDARD

[Global flags]
     intx CICompilerCount                          = 12                                        {product} {ergonomic}
     uint ConcGCThreads                            = 3                                         {product} {ergonomic}
     uint G1ConcRefinementThreads                  = 13                                        {product} {ergonomic}
   size_t G1HeapRegionSize                         = 1048576                                   {product} {ergonomic}
    uintx GCDrainStackTargetSize                   = 64                                        {product} {ergonomic}
   size_t InitialHeapSize                          = 264241152                                 {product} {ergonomic}
   size_t MarkStackSize                            = 4194304                                   {product} {ergonomic}
   size_t MaxHeapSize                              = 4211081216                                {product} {ergonomic}
   size_t MinHeapDeltaBytes                        = 1048576                                   {product} {ergonomic}
    uintx NonNMethodCodeHeapSize                   = 7594288                                {pd product} {ergonomic}
    uintx NonProfiledCodeHeapSize                  = 122031976                              {pd product} {ergonomic}
    uintx ProfiledCodeHeapSize                     = 122031976                              {pd product} {ergonomic}
    uintx ReservedCodeCacheSize                    = 251658240                              {pd product} {ergonomic}
     bool SegmentedCodeCache                       = true                                      {product} {ergonomic}
     bool UseCompressedClassPointers               = true                                 {lp64_product} {ergonomic}
     bool UseCompressedOops                        = true                                 {lp64_product} {ergonomic}
     bool UseG1GC                                  = true                                      {product} {ergonomic}
     bool UseLargePagesIndividualAllocation        = false                                  {pd product} {ergonomic}

Logging:
Log output configuration:
 #0: stdout all=warning uptime,level,tags
 #1: stderr all=off uptime,level,tags

Environment Variables:
JAVA_HOME=C:\Program Files\Unity\Hub\Editor\2022.3.2f1\Editor\Data\PlaybackEngines\AndroidPlayer\OpenJDK
JAVA_TOOL_OPTIONS=-Dfile.encoding=UTF-8
PATH=C:\Windows\system32;C:\Windows;C:\Windows\System32\Wbem;C:\Windows\System32\WindowsPowerShell\v1.0\;C:\Windows\System32\OpenSSH\;C:\Program Files\dotnet\;C:\Program Files\Git\cmd;C:\Users\User\AppData\Local\Microsoft\WindowsApps;C:\Users\User\.dotnet\tools;C:\Users\User\AppData\Local\GitHubDesktop\bin
USERNAME=User
OS=Windows_NT
PROCESSOR_IDENTIFIER=Intel64 Family 6 Model 191 Stepping 2, GenuineIntel



---------------  S Y S T E M  ---------------

OS: Windows 11 , 64 bit Build 22621 (10.0.22621.3085)
OS uptime: 0 days 21:00 hours

CPU:total 16 (initial active 16) (8 cores per cpu, 2 threads per core) family 6 model 191 stepping 2 microcode 0x26, cmov, cx8, fxsr, mmx, sse, sse2, sse3, ssse3, sse4.1, sse4.2, popcnt, avx, avx2, aes, clmul, erms, 3dnowpref, lzcnt, ht, tsc, tscinvbit, bmi1, bmi2, adx, sha, fma

Memory: 4k page, system-wide physical 16060M (2809M free)
TotalPageFile size 39311M (AvailPageFile size 173M)
current process WorkingSet (physical memory assigned to process): 11M, peak: 11M
current process commit charge ("private bytes"): 71M, peak: 323M

vm_info: OpenJDK 64-Bit Server VM (11.0.14.1+1) for windows-amd64 JRE (11.0.14.1+1), built on Feb  9 2022 01:48:27 by "" with unknown MS VC++:1916

END.
